<?xml version="1.0" encoding="UTF-8" ?>
<testsuite failures="0" time="0.048" errors="0" skipped="0" tests="2" name="com.jarias.tekstratego.service.thinker.webservice.util.IndicatorTypeTest">
  <properties>
    <property name="java.runtime.name" value="Java(TM) SE Runtime Environment"/>
    <property name="sun.boot.library.path" value="/System/Library/Java/JavaVirtualMachines/1.6.0.jdk/Contents/Libraries"/>
    <property name="java.vm.version" value="20.6-b01-415"/>
    <property name="awt.nativeDoubleBuffering" value="true"/>
    <property name="gopherProxySet" value="false"/>
    <property name="mrj.build" value="11M3635"/>
    <property name="java.vm.vendor" value="Apple Inc."/>
    <property name="java.vendor.url" value="http://www.apple.com/"/>
    <property name="path.separator" value=":"/>
    <property name="java.vm.name" value="Java HotSpot(TM) 64-Bit Server VM"/>
    <property name="file.encoding.pkg" value="sun.io"/>
    <property name="user.country" value="US"/>
    <property name="sun.java.launcher" value="SUN_STANDARD"/>
    <property name="sun.os.patch.level" value="unknown"/>
    <property name="java.vm.specification.name" value="Java Virtual Machine Specification"/>
    <property name="user.dir" value="/Users/jarias14/workspace/com/jarias14/tekstratego/service/thinker"/>
    <property name="java.runtime.version" value="1.6.0_31-b04-415-11M3635"/>
    <property name="java.awt.graphicsenv" value="apple.awt.CGraphicsEnvironment"/>
    <property name="basedir" value="/Users/jarias14/workspace/com/jarias14/tekstratego/service/thinker"/>
    <property name="java.endorsed.dirs" value="/System/Library/Java/JavaVirtualMachines/1.6.0.jdk/Contents/Home/lib/endorsed"/>
    <property name="os.arch" value="x86_64"/>
    <property name="surefire.real.class.path" value="/Users/jarias14/workspace/com/jarias14/tekstratego/service/thinker/target/surefire/surefirebooter8058129850418231176.jar"/>
    <property name="java.io.tmpdir" value="/var/folders/07/bjrtpxbd1x5498p7kl8h82z40000gn/T/"/>
    <property name="line.separator" value="
"/>
    <property name="java.vm.specification.vendor" value="Sun Microsystems Inc."/>
    <property name="os.name" value="Mac OS X"/>
    <property name="sun.jnu.encoding" value="MacRoman"/>
    <property name="java.library.path" value=".:/Library/Java/Extensions:/System/Library/Java/Extensions:/usr/lib/java"/>
    <property name="surefire.test.class.path" value="/Users/jarias14/workspace/com/jarias14/tekstratego/service/thinker/target/test-classes:/Users/jarias14/workspace/com/jarias14/tekstratego/service/thinker/target/classes:/Users/jarias14/.m2/repository/junit/junit/4.8.1/junit-4.8.1.jar:/Users/jarias14/.m2/repository/org/springframework/spring-context/3.0.1.RELEASE/spring-context-3.0.1.RELEASE.jar:/Users/jarias14/.m2/repository/org/springframework/spring-aop/3.0.1.RELEASE/spring-aop-3.0.1.RELEASE.jar:/Users/jarias14/.m2/repository/org/springframework/spring-beans/3.0.1.RELEASE/spring-beans-3.0.1.RELEASE.jar:/Users/jarias14/.m2/repository/org/springframework/spring-core/3.0.1.RELEASE/spring-core-3.0.1.RELEASE.jar:/Users/jarias14/.m2/repository/commons-logging/commons-logging/1.1.1/commons-logging-1.1.1.jar:/Users/jarias14/.m2/repository/org/springframework/spring-expression/3.0.1.RELEASE/spring-expression-3.0.1.RELEASE.jar:/Users/jarias14/.m2/repository/org/springframework/spring-asm/3.0.1.RELEASE/spring-asm-3.0.1.RELEASE.jar:/Users/jarias14/.m2/repository/org/springframework/spring-web/3.0.1.RELEASE/spring-web-3.0.1.RELEASE.jar:/Users/jarias14/.m2/repository/aopalliance/aopalliance/1.0/aopalliance-1.0.jar:/Users/jarias14/.m2/repository/org/apache/cxf/cxf-rt-frontend-jaxrs/2.5.0/cxf-rt-frontend-jaxrs-2.5.0.jar:/Users/jarias14/.m2/repository/org/apache/cxf/cxf-common-utilities/2.5.0/cxf-common-utilities-2.5.0.jar:/Users/jarias14/.m2/repository/org/apache/ws/xmlschema/xmlschema-core/2.0.1/xmlschema-core-2.0.1.jar:/Users/jarias14/.m2/repository/org/codehaus/woodstox/woodstox-core-asl/4.1.1/woodstox-core-asl-4.1.1.jar:/Users/jarias14/.m2/repository/org/codehaus/woodstox/stax2-api/3.1.1/stax2-api-3.1.1.jar:/Users/jarias14/.m2/repository/org/apache/cxf/cxf-api/2.5.0/cxf-api-2.5.0.jar:/Users/jarias14/.m2/repository/org/apache/neethi/neethi/3.0.1/neethi-3.0.1.jar:/Users/jarias14/.m2/repository/wsdl4j/wsdl4j/1.6.2/wsdl4j-1.6.2.jar:/Users/jarias14/.m2/repository/org/apache/cxf/cxf-rt-core/2.5.0/cxf-rt-core-2.5.0.jar:/Users/jarias14/.m2/repository/com/sun/xml/bind/jaxb-impl/2.1.13/jaxb-impl-2.1.13.jar:/Users/jarias14/.m2/repository/org/apache/geronimo/specs/geronimo-javamail_1.4_spec/1.7.1/geronimo-javamail_1.4_spec-1.7.1.jar:/Users/jarias14/.m2/repository/javax/ws/rs/jsr311-api/1.1.1/jsr311-api-1.1.1.jar:/Users/jarias14/.m2/repository/org/apache/cxf/cxf-rt-bindings-xml/2.5.0/cxf-rt-bindings-xml-2.5.0.jar:/Users/jarias14/.m2/repository/org/apache/cxf/cxf-rt-transports-http/2.5.0/cxf-rt-transports-http-2.5.0.jar:/Users/jarias14/.m2/repository/org/apache/cxf/cxf-rt-transports-common/2.5.0/cxf-rt-transports-common-2.5.0.jar:/Users/jarias14/.m2/repository/org/codehaus/jettison/jettison/1.3/jettison-1.3.jar:/Users/jarias14/.m2/repository/commons-lang/commons-lang/2.4/commons-lang-2.4.jar:/Users/jarias14/.m2/repository/org/codehaus/jackson/jackson-mapper-asl/1.8.5/jackson-mapper-asl-1.8.5.jar:/Users/jarias14/.m2/repository/org/codehaus/jackson/jackson-core-asl/1.8.5/jackson-core-asl-1.8.5.jar:"/>
    <property name="java.specification.name" value="Java Platform API Specification"/>
    <property name="java.class.version" value="50.0"/>
    <property name="sun.management.compiler" value="HotSpot 64-Bit Tiered Compilers"/>
    <property name="os.version" value="10.7.3"/>
    <property name="http.nonProxyHosts" value="local|*.local|169.254/16|*.169.254/16"/>
    <property name="user.home" value="/Users/jarias14"/>
    <property name="user.timezone" value=""/>
    <property name="java.awt.printerjob" value="apple.awt.CPrinterJob"/>
    <property name="java.specification.version" value="1.6"/>
    <property name="file.encoding" value="MacRoman"/>
    <property name="user.name" value="jarias14"/>
    <property name="java.class.path" value="/Users/jarias14/workspace/com/jarias14/tekstratego/service/thinker/target/test-classes:/Users/jarias14/workspace/com/jarias14/tekstratego/service/thinker/target/classes:/Users/jarias14/.m2/repository/junit/junit/4.8.1/junit-4.8.1.jar:/Users/jarias14/.m2/repository/org/springframework/spring-context/3.0.1.RELEASE/spring-context-3.0.1.RELEASE.jar:/Users/jarias14/.m2/repository/org/springframework/spring-aop/3.0.1.RELEASE/spring-aop-3.0.1.RELEASE.jar:/Users/jarias14/.m2/repository/org/springframework/spring-beans/3.0.1.RELEASE/spring-beans-3.0.1.RELEASE.jar:/Users/jarias14/.m2/repository/org/springframework/spring-core/3.0.1.RELEASE/spring-core-3.0.1.RELEASE.jar:/Users/jarias14/.m2/repository/commons-logging/commons-logging/1.1.1/commons-logging-1.1.1.jar:/Users/jarias14/.m2/repository/org/springframework/spring-expression/3.0.1.RELEASE/spring-expression-3.0.1.RELEASE.jar:/Users/jarias14/.m2/repository/org/springframework/spring-asm/3.0.1.RELEASE/spring-asm-3.0.1.RELEASE.jar:/Users/jarias14/.m2/repository/org/springframework/spring-web/3.0.1.RELEASE/spring-web-3.0.1.RELEASE.jar:/Users/jarias14/.m2/repository/aopalliance/aopalliance/1.0/aopalliance-1.0.jar:/Users/jarias14/.m2/repository/org/apache/cxf/cxf-rt-frontend-jaxrs/2.5.0/cxf-rt-frontend-jaxrs-2.5.0.jar:/Users/jarias14/.m2/repository/org/apache/cxf/cxf-common-utilities/2.5.0/cxf-common-utilities-2.5.0.jar:/Users/jarias14/.m2/repository/org/apache/ws/xmlschema/xmlschema-core/2.0.1/xmlschema-core-2.0.1.jar:/Users/jarias14/.m2/repository/org/codehaus/woodstox/woodstox-core-asl/4.1.1/woodstox-core-asl-4.1.1.jar:/Users/jarias14/.m2/repository/org/codehaus/woodstox/stax2-api/3.1.1/stax2-api-3.1.1.jar:/Users/jarias14/.m2/repository/org/apache/cxf/cxf-api/2.5.0/cxf-api-2.5.0.jar:/Users/jarias14/.m2/repository/org/apache/neethi/neethi/3.0.1/neethi-3.0.1.jar:/Users/jarias14/.m2/repository/wsdl4j/wsdl4j/1.6.2/wsdl4j-1.6.2.jar:/Users/jarias14/.m2/repository/org/apache/cxf/cxf-rt-core/2.5.0/cxf-rt-core-2.5.0.jar:/Users/jarias14/.m2/repository/com/sun/xml/bind/jaxb-impl/2.1.13/jaxb-impl-2.1.13.jar:/Users/jarias14/.m2/repository/org/apache/geronimo/specs/geronimo-javamail_1.4_spec/1.7.1/geronimo-javamail_1.4_spec-1.7.1.jar:/Users/jarias14/.m2/repository/javax/ws/rs/jsr311-api/1.1.1/jsr311-api-1.1.1.jar:/Users/jarias14/.m2/repository/org/apache/cxf/cxf-rt-bindings-xml/2.5.0/cxf-rt-bindings-xml-2.5.0.jar:/Users/jarias14/.m2/repository/org/apache/cxf/cxf-rt-transports-http/2.5.0/cxf-rt-transports-http-2.5.0.jar:/Users/jarias14/.m2/repository/org/apache/cxf/cxf-rt-transports-common/2.5.0/cxf-rt-transports-common-2.5.0.jar:/Users/jarias14/.m2/repository/org/codehaus/jettison/jettison/1.3/jettison-1.3.jar:/Users/jarias14/.m2/repository/commons-lang/commons-lang/2.4/commons-lang-2.4.jar:/Users/jarias14/.m2/repository/org/codehaus/jackson/jackson-mapper-asl/1.8.5/jackson-mapper-asl-1.8.5.jar:/Users/jarias14/.m2/repository/org/codehaus/jackson/jackson-core-asl/1.8.5/jackson-core-asl-1.8.5.jar:"/>
    <property name="java.vm.specification.version" value="1.0"/>
    <property name="sun.arch.data.model" value="64"/>
    <property name="java.home" value="/System/Library/Java/JavaVirtualMachines/1.6.0.jdk/Contents/Home"/>
    <property name="sun.java.command" value="/Users/jarias14/workspace/com/jarias14/tekstratego/service/thinker/target/surefire/surefirebooter8058129850418231176.jar /Users/jarias14/workspace/com/jarias14/tekstratego/service/thinker/target/surefire/surefire8872416358301115530tmp /Users/jarias14/workspace/com/jarias14/tekstratego/service/thinker/target/surefire/surefire321573414440409611tmp"/>
    <property name="java.specification.vendor" value="Sun Microsystems Inc."/>
    <property name="user.language" value="en"/>
    <property name="awt.toolkit" value="apple.awt.CToolkit"/>
    <property name="java.vm.info" value="mixed mode"/>
    <property name="java.version" value="1.6.0_31"/>
    <property name="java.ext.dirs" value="/Library/Java/Extensions:/System/Library/Java/Extensions:/System/Library/Java/JavaVirtualMachines/1.6.0.jdk/Contents/Home/lib/ext"/>
    <property name="sun.boot.class.path" value="/System/Library/Java/JavaVirtualMachines/1.6.0.jdk/Contents/Classes/jsfd.jar:/System/Library/Java/JavaVirtualMachines/1.6.0.jdk/Contents/Classes/classes.jar:/System/Library/Frameworks/JavaVM.framework/Frameworks/JavaRuntimeSupport.framework/Resources/Java/JavaRuntimeSupport.jar:/System/Library/Java/JavaVirtualMachines/1.6.0.jdk/Contents/Classes/ui.jar:/System/Library/Java/JavaVirtualMachines/1.6.0.jdk/Contents/Classes/laf.jar:/System/Library/Java/JavaVirtualMachines/1.6.0.jdk/Contents/Classes/sunrsasign.jar:/System/Library/Java/JavaVirtualMachines/1.6.0.jdk/Contents/Classes/jsse.jar:/System/Library/Java/JavaVirtualMachines/1.6.0.jdk/Contents/Classes/jce.jar:/System/Library/Java/JavaVirtualMachines/1.6.0.jdk/Contents/Classes/charsets.jar"/>
    <property name="java.vendor" value="Apple Inc."/>
    <property name="localRepository" value="/Users/jarias14/.m2/repository"/>
    <property name="file.separator" value="/"/>
    <property name="java.vendor.url.bug" value="http://bugreport.apple.com/"/>
    <property name="sun.cpu.endian" value="little"/>
    <property name="sun.io.unicode.encoding" value="UnicodeLittle"/>
    <property name="mrj.version" value="1070.1.6.0_31-415"/>
    <property name="socksNonProxyHosts" value="local|*.local|169.254/16|*.169.254/16"/>
    <property name="ftp.nonProxyHosts" value="local|*.local|169.254/16|*.169.254/16"/>
    <property name="sun.cpu.isalist" value=""/>
  </properties>
  <testcase time="0.005" classname="com.jarias.tekstratego.service.thinker.webservice.util.IndicatorTypeTest" name="testClassName"/>
  <testcase time="0" classname="com.jarias.tekstratego.service.thinker.webservice.util.IndicatorTypeTest" name="testClassType"/>
</testsuite>